2024-02-17 12:50:18,154 INFO o.s.b.StartupInfoLogger [main] Starting DataApplicationTests using Java 1.8.0_392 on LAPTOP056 with PID 9237 (started by rameshkumar in /home/rameshkumar/Videos/data)
2024-02-17 12:50:18,174 INFO o.s.b.SpringApplication [main] No active profile set, falling back to 1 default profile: "default"
2024-02-17 12:50:19,142 INFO o.s.d.r.c.RepositoryConfigurationDelegate [main] Multiple Spring Data modules found, entering strict repository configuration mode
2024-02-17 12:50:19,143 INFO o.s.d.r.c.RepositoryConfigurationDelegate [main] Bootstrapping Spring Data JPA repositories in DEFAULT mode.
2024-02-17 12:50:19,278 INFO o.s.d.r.c.RepositoryConfigurationDelegate [main] Finished Spring Data repository scanning in 117 ms. Found 8 JPA repository interfaces.
2024-02-17 12:50:19,657 INFO o.s.d.r.c.RepositoryConfigurationDelegate [main] Multiple Spring Data modules found, entering strict repository configuration mode
2024-02-17 12:50:19,658 INFO o.s.d.r.c.RepositoryConfigurationDelegate [main] Bootstrapping Spring Data JDBC repositories in DEFAULT mode.
2024-02-17 12:50:19,669 INFO o.s.d.r.c.RepositoryConfigurationExtensionSupport [main] Spring Data JDBC - Could not safely identify store assignment for repository candidate interface com.phone.data.Repository.BillingAxisRepo; If you want this repository to be a JDBC repository, consider annotating your entities with one of these annotations: org.springframework.data.relational.core.mapping.Table.
2024-02-17 12:50:19,671 INFO o.s.d.r.c.RepositoryConfigurationExtensionSupport [main] Spring Data JDBC - Could not safely identify store assignment for repository candidate interface com.phone.data.Repository.BillingHitachiRepo; If you want this repository to be a JDBC repository, consider annotating your entities with one of these annotations: org.springframework.data.relational.core.mapping.Table.
2024-02-17 12:50:19,673 INFO o.s.d.r.c.RepositoryConfigurationExtensionSupport [main] Spring Data JDBC - Could not safely identify store assignment for repository candidate interface com.phone.data.Repository.BillingKvbRepo; If you want this repository to be a JDBC repository, consider annotating your entities with one of these annotations: org.springframework.data.relational.core.mapping.Table.
2024-02-17 12:50:19,675 INFO o.s.d.r.c.RepositoryConfigurationExtensionSupport [main] Spring Data JDBC - Could not safely identify store assignment for repository candidate interface com.phone.data.Repository.BillingMobikwikRepo; If you want this repository to be a JDBC repository, consider annotating your entities with one of these annotations: org.springframework.data.relational.core.mapping.Table.
2024-02-17 12:50:19,677 INFO o.s.d.r.c.RepositoryConfigurationExtensionSupport [main] Spring Data JDBC - Could not safely identify store assignment for repository candidate interface com.phone.data.Repository.BillingRepo; If you want this repository to be a JDBC repository, consider annotating your entities with one of these annotations: org.springframework.data.relational.core.mapping.Table.
2024-02-17 12:50:19,682 INFO o.s.d.r.c.RepositoryConfigurationExtensionSupport [main] Spring Data JDBC - Could not safely identify store assignment for repository candidate interface com.phone.data.Repository.NotificationDataRepo; If you want this repository to be a JDBC repository, consider annotating your entities with one of these annotations: org.springframework.data.relational.core.mapping.Table.
2024-02-17 12:50:19,684 INFO o.s.d.r.c.RepositoryConfigurationExtensionSupport [main] Spring Data JDBC - Could not safely identify store assignment for repository candidate interface com.phone.data.Repository.NotificationFieldsRepo; If you want this repository to be a JDBC repository, consider annotating your entities with one of these annotations: org.springframework.data.relational.core.mapping.Table.
2024-02-17 12:50:19,685 INFO o.s.d.r.c.RepositoryConfigurationExtensionSupport [main] Spring Data JDBC - Could not safely identify store assignment for repository candidate interface com.phone.data.Repository.StaticQrRepo; If you want this repository to be a JDBC repository, consider annotating your entities with one of these annotations: org.springframework.data.relational.core.mapping.Table.
2024-02-17 12:50:19,686 INFO o.s.d.r.c.RepositoryConfigurationDelegate [main] Finished Spring Data repository scanning in 27 ms. Found 0 JDBC repository interfaces.
2024-02-17 12:50:21,744 INFO c.z.h.HikariDataSource [main] HikariPool-1 - Starting...
2024-02-17 12:50:22,471 INFO c.z.h.HikariDataSource [main] HikariPool-1 - Start completed.
2024-02-17 12:50:24,701 INFO o.s.o.j.AbstractEntityManagerFactoryBean [main] Initialized JPA EntityManagerFactory for persistence unit 'default'
2024-02-17 12:50:24,725 INFO o.s.b.f.a.AutowiredAnnotationBeanPostProcessor [main] Autowired annotation is not supported on static fields: private static java.lang.String com.phone.data.Impl.Billingimpl.url
2024-02-17 12:50:24,726 INFO o.s.b.f.a.AutowiredAnnotationBeanPostProcessor [main] Autowired annotation is not supported on static fields: private static java.lang.String com.phone.data.Impl.Billingimpl.username
2024-02-17 12:50:24,727 INFO o.s.b.f.a.AutowiredAnnotationBeanPostProcessor [main] Autowired annotation is not supported on static fields: private static java.lang.String com.phone.data.Impl.Billingimpl.password
2024-02-17 12:50:26,215 WARN o.s.b.a.o.j.JpaBaseConfiguration$JpaWebConfiguration [main] spring.jpa.open-in-view is enabled by default. Therefore, database queries may be performed during view rendering. Explicitly configure spring.jpa.open-in-view to disable this warning
2024-02-17 12:50:26,708 INFO o.s.b.a.w.s.WelcomePageHandlerMapping [main] Adding welcome page template: index
2024-02-17 12:50:27,332 WARN o.s.d.c.CustomConversions [main] Registering converter from class microsoft.sql.DateTimeOffset to class java.time.OffsetDateTime as reading converter although it doesn't convert from a store-supported type; You might want to check your annotation setup at the converter implementation
2024-02-17 12:50:27,603 INFO o.s.b.StartupInfoLogger [main] Started DataApplicationTests in 10.051 seconds (JVM running for 12.372)
2024-02-17 12:50:27,854 INFO o.s.o.j.AbstractEntityManagerFactoryBean [SpringApplicationShutdownHook] Closing JPA EntityManagerFactory for persistence unit 'default'
2024-02-17 12:50:27,864 INFO c.z.h.HikariDataSource [SpringApplicationShutdownHook] HikariPool-1 - Shutdown initiated...
2024-02-17 12:50:27,872 INFO c.z.h.HikariDataSource [SpringApplicationShutdownHook] HikariPool-1 - Shutdown completed.
